c:\users\neuronflex2\documents\visual studio 2015\projects\nntc_dialog\nntc\release\usbthread.obj
c:\users\neuronflex2\documents\visual studio 2015\projects\nntc_dialog\nntc\release\tableuserdelegate.obj
c:\users\neuronflex2\documents\visual studio 2015\projects\nntc_dialog\nntc\release\registration.obj
c:\users\neuronflex2\documents\visual studio 2015\projects\nntc_dialog\nntc\release\nntc.obj
c:\users\neuronflex2\documents\visual studio 2015\projects\nntc_dialog\nntc\release\main.obj
c:\users\neuronflex2\documents\visual studio 2015\projects\nntc_dialog\nntc\release\glwidget.obj
c:\users\neuronflex2\documents\visual studio 2015\projects\nntc_dialog\nntc\release\moc_usbthread.obj
c:\users\neuronflex2\documents\visual studio 2015\projects\nntc_dialog\nntc\release\moc_registration.obj
c:\users\neuronflex2\documents\visual studio 2015\projects\nntc_dialog\nntc\release\moc_glwidget.obj
c:\users\neuronflex2\documents\visual studio 2015\projects\nntc_dialog\nntc\release\moc_datacontroll.obj
c:\users\neuronflex2\documents\visual studio 2015\projects\nntc_dialog\nntc\release\eegwave.obj
c:\users\neuronflex2\documents\visual studio 2015\projects\nntc_dialog\nntc\release\datacontroll.obj
c:\users\neuronflex2\documents\visual studio 2015\projects\nntc_dialog\nntc\release\moc_nntc.obj
c:\users\neuronflex2\documents\visual studio 2015\projects\nntc_dialog\nntc\release\qrc_nntc.obj
c:\users\neuronflex2\documents\visual studio 2015\projects\nntc_dialog\nntc\generatedfiles\ui_nntc.h
c:\users\neuronflex2\documents\visual studio 2015\projects\nntc_dialog\nntc\generatedfiles\release\moc_registration.cpp
c:\users\neuronflex2\documents\visual studio 2015\projects\nntc_dialog\nntc\generatedfiles\release\moc_usbthread.cpp
c:\users\neuronflex2\documents\visual studio 2015\projects\nntc_dialog\nntc\generatedfiles\release\moc_datacontroll.cpp
c:\users\neuronflex2\documents\visual studio 2015\projects\nntc_dialog\nntc\generatedfiles\qrc_nntc.cpp
c:\users\neuronflex2\documents\visual studio 2015\projects\nntc_dialog\nntc\generatedfiles\ui_registration.h
c:\users\neuronflex2\documents\visual studio 2015\projects\nntc_dialog\nntc\generatedfiles\release\moc_glwidget.cpp
c:\users\neuronflex2\documents\visual studio 2015\projects\nntc_dialog\nntc\generatedfiles\release\moc_nntc.cpp
c:\users\neuronflex2\documents\visual studio 2015\projects\nntc_dialog\win32\release\nntc.exe
c:\users\neuronflex2\documents\visual studio 2015\projects\nntc_dialog\win32\release\nntc.pdb
c:\users\neuronflex2\documents\visual studio 2015\projects\nntc_dialog\win32\release\nntc.lib
c:\users\neuronflex2\documents\visual studio 2015\projects\nntc_dialog\win32\release\nntc.exp
c:\users\neuronflex2\documents\visual studio 2015\projects\nntc_dialog\nntc\release\nntc.tlog\cl.command.1.tlog
c:\users\neuronflex2\documents\visual studio 2015\projects\nntc_dialog\nntc\release\nntc.tlog\cl.read.1.tlog
c:\users\neuronflex2\documents\visual studio 2015\projects\nntc_dialog\nntc\release\nntc.tlog\cl.write.1.tlog
c:\users\neuronflex2\documents\visual studio 2015\projects\nntc_dialog\nntc\release\nntc.tlog\custombuild.command.1.tlog
c:\users\neuronflex2\documents\visual studio 2015\projects\nntc_dialog\nntc\release\nntc.tlog\custombuild.read.1.tlog
c:\users\neuronflex2\documents\visual studio 2015\projects\nntc_dialog\nntc\release\nntc.tlog\custombuild.write.1.tlog
c:\users\neuronflex2\documents\visual studio 2015\projects\nntc_dialog\nntc\release\nntc.tlog\link.command.1.tlog
c:\users\neuronflex2\documents\visual studio 2015\projects\nntc_dialog\nntc\release\nntc.tlog\link.read.1.tlog
c:\users\neuronflex2\documents\visual studio 2015\projects\nntc_dialog\nntc\release\nntc.tlog\link.write.1.tlog
c:\users\neuronflex2\documents\visual studio 2015\projects\nntc_dialog\nntc\release\nntc.tlog\nntc.write.1u.tlog
