c:\users\neuronflex2\documents\visual studio 2015\projects\nntc_dialog\nntc\debug\vc140.pdb
c:\users\neuronflex2\documents\visual studio 2015\projects\nntc_dialog\nntc\debug\usbthread.obj
c:\users\neuronflex2\documents\visual studio 2015\projects\nntc_dialog\nntc\debug\nntc.obj
c:\users\neuronflex2\documents\visual studio 2015\projects\nntc_dialog\nntc\debug\main.obj
c:\users\neuronflex2\documents\visual studio 2015\projects\nntc_dialog\nntc\debug\moc_nntc.obj
c:\users\neuronflex2\documents\visual studio 2015\projects\nntc_dialog\nntc\debug\glwidget.obj
c:\users\neuronflex2\documents\visual studio 2015\projects\nntc_dialog\nntc\debug\moc_usbthread.obj
c:\users\neuronflex2\documents\visual studio 2015\projects\nntc_dialog\nntc\debug\moc_glwidget.obj
c:\users\neuronflex2\documents\visual studio 2015\projects\nntc_dialog\nntc\debug\eegwave.obj
c:\users\neuronflex2\documents\visual studio 2015\projects\nntc_dialog\nntc\debug\qrc_nntc.obj
c:\users\neuronflex2\documents\visual studio 2015\projects\nntc_dialog\nntc\generatedfiles\debug\moc_nntc.cpp
c:\users\neuronflex2\documents\visual studio 2015\projects\nntc_dialog\nntc\generatedfiles\ui_nntc.h
c:\users\neuronflex2\documents\visual studio 2015\projects\nntc_dialog\nntc\generatedfiles\debug\moc_usbthread.cpp
c:\users\neuronflex2\documents\visual studio 2015\projects\nntc_dialog\nntc\generatedfiles\debug\moc_glwidget.cpp
c:\users\neuronflex2\documents\visual studio 2015\projects\nntc_dialog\nntc\generatedfiles\qrc_nntc.cpp
c:\users\neuronflex2\documents\visual studio 2015\projects\nntc_dialog\nntc\debug\nntc.tlog\cl.command.1.tlog
c:\users\neuronflex2\documents\visual studio 2015\projects\nntc_dialog\nntc\debug\nntc.tlog\cl.read.1.tlog
c:\users\neuronflex2\documents\visual studio 2015\projects\nntc_dialog\nntc\debug\nntc.tlog\cl.write.1.tlog
c:\users\neuronflex2\documents\visual studio 2015\projects\nntc_dialog\nntc\debug\nntc.tlog\custombuild.command.1.tlog
c:\users\neuronflex2\documents\visual studio 2015\projects\nntc_dialog\nntc\debug\nntc.tlog\custombuild.read.1.tlog
c:\users\neuronflex2\documents\visual studio 2015\projects\nntc_dialog\nntc\debug\nntc.tlog\custombuild.write.1.tlog
c:\users\neuronflex2\documents\visual studio 2015\projects\nntc_dialog\nntc\debug\nntc.tlog\link.13572.read.1.tlog
c:\users\neuronflex2\documents\visual studio 2015\projects\nntc_dialog\nntc\debug\nntc.tlog\link.13572.write.1.tlog
c:\users\neuronflex2\documents\visual studio 2015\projects\nntc_dialog\nntc\debug\nntc.tlog\link.command.1.tlog
c:\users\neuronflex2\documents\visual studio 2015\projects\nntc_dialog\nntc\debug\nntc.tlog\link.read.1.tlog
c:\users\neuronflex2\documents\visual studio 2015\projects\nntc_dialog\nntc\debug\nntc.tlog\link.write.1.tlog
